<?xml version="1.0" encoding="UTF-8"?>
<!-- Generated by org.testng.reporters.JUnitXMLReporter -->
<testsuite ignored="2" hostname="LAPTOP-PIKOO07N" failures="2" tests="3" name="Test" time="15.358" errors="0" timestamp="2024-12-03T18:05:32 IST">
  <testcase classname="qafox_test.QafoxTest" name="test_method" time="7.044"/>
  <testcase classname="qafox_test.QafoxLoginTest" name="test_methd" time="0.03">
    <failure type="java.lang.IllegalArgumentException" message="Driver must be set">
      <![CDATA[java.lang.IllegalArgumentException: Driver must be set
at org.openqa.selenium.internal.Require.nonNull(Require.java:61)
at org.openqa.selenium.interactions.Actions.<init>(Actions.java:64)
at org.openqa.selenium.interactions.Actions.<init>(Actions.java:60)
at qafox_page.QafoxLogin.mouse_hover(QafoxLogin.java:35)
at qafox_test.QafoxLoginTest.test_methd(QafoxLoginTest.java:19)
at java.base/java.util.ArrayList.forEach(ArrayList.java:1596)
... Removed 25 stack frames]]>
    </failure>
  </testcase> <!-- test_methd -->
  <testcase classname="qafox_test.QafoxPageTest" name="test_method" time="0.006">
    <failure type="java.lang.NullPointerException" message="Cannot invoke &amp;quot;org.openqa.selenium.WebDriver.getTitle()&amp;quot; because &amp;quot;this.driver&amp;quot; is null">
      <![CDATA[java.lang.NullPointerException: Cannot invoke "org.openqa.selenium.WebDriver.getTitle()" because "this.driver" is null
at qafox_page.QafoxPage.title_verification(QafoxPage.java:65)
at qafox_test.QafoxPageTest.test_method(QafoxPageTest.java:19)
at java.base/java.util.ArrayList.forEach(ArrayList.java:1596)
... Removed 25 stack frames]]>
    </failure>
  </testcase> <!-- test_method -->
  <testcase classname="qafox_base.QafoxBase" name="@BeforeTest setUp" time="0.0">
    <ignored/>
  </testcase> <!-- @BeforeTest setUp -->
  <testcase classname="qafox_base.QafoxBase" name="@BeforeTest setUp" time="0.0">
    <ignored/>
  </testcase> <!-- @BeforeTest setUp -->
</testsuite> <!-- Test -->
