<?xml version="1.0" encoding="UTF-8"?>
<testng-results ignored="0" total="1" passed="1" failed="0" skipped="0">
  <reporter-output>
  </reporter-output>
  <suite started-at="2024-12-03T18:12:38 IST" name="Default suite" finished-at="2024-12-03T18:12:54 IST" duration-ms="15984">
    <groups>
    </groups>
    <test started-at="2024-12-03T18:12:38 IST" name="Default test" finished-at="2024-12-03T18:12:54 IST" duration-ms="15984">
      <class name="qafox_test.QafoxTest">
        <test-method is-config="true" signature="setUp()[pri:0, instance:qafox_test.QafoxTest@196a42c3]" started-at="2024-12-03T18:12:38 IST" name="setUp" finished-at="2024-12-03T18:12:46 IST" duration-ms="8298" status="PASS">
          <reporter-output>
          </reporter-output>
        </test-method> <!-- setUp -->
        <test-method signature="test_method()[pri:0, instance:qafox_test.QafoxTest@196a42c3]" started-at="2024-12-03T18:12:46 IST" name="test_method" finished-at="2024-12-03T18:12:54 IST" duration-ms="7292" status="PASS">
          <reporter-output>
          </reporter-output>
        </test-method> <!-- test_method -->
      </class> <!-- qafox_test.QafoxTest -->
    </test> <!-- Default test -->
  </suite> <!-- Default suite -->
</testng-results>
